0000008
0000022
0000032
0000041
0000043
0000044
0000045
0000061
0000068
0000077
0000079
0000105
0000108
0000135
0000142
0000170
0000180
0000193
0000230
0000241
0000243
0000252
0000259
0000264
0000265
0000276
0000281
0000320
0000327
0000353
0000357
0000360
0000394
0000402
0000407
0000422
0000424
0000432
0000435
0000444
0000476
0000492
0000537
0000542
0000575
0000601
0000606
0000609
0000619
0000620
0000623
0000672
0000688
0000698
0000700
0000701
0000703
0000708
0000731
0000744
0000765
0000792
0000836
0000871
0000885
0000887
0000903
0000912
0000918
0000920
0000963
0000999
0001045
0001075
0001080
0001101
0001105
0001108
0001122
0001123
0001124
0001126
0001134
0001183
0001185
0001203
0001204
0001205
0001232
0001252
0001254
0001257
0001259
0001276
0001280
0001289
0001304
0001349
0001359
0001410
0001421
0001448
0001456
0001458
0001463
0001486
0001493
0001515
0001517
0001546
0001547
0001554
0001566
0001579
0001595
0001598
0001628
0001641
0001648
0001654
0001659
0001670
0001671
0001676
0001696
0001719
0001740
0001742
