0000001
0000011
0000052
0000073
0000081
0000444
0000501
0000661
0000944
0000946
0001061
0001063
0001149
0001209
0001217
0001867
0001869
0001976
0002045
0002083
0002100
0002136
0002137
0002160
0002163
0002180
0002210
0002217
0002218
0002219
0002220
0002221
0002235
0002320
0002350
0002351
0002352
0002355
0002368
0002369
0002393
0002403
0002405
0002406
0002407
0002418
0002525
0002567
0002659
0002905
0003018
0003023
0003143
0003152
0003161
0003194
0003213
0003223
0003248
0003257
0003299
0003341
0003407
0003439
0003464
0003494
0003527
0003530
0003559
0003577
0003586
0003606
0003644
0003645
0003646
0003647
0003659
0003670
0003685
0003713
0003728
0003762
0003812
0003819
0003856
0003920
0003925
0003945
0003974
0003979
0004037
0004082
0004096
0004131
0004133
0004137
0004143
0004152
0004154
0004171
0004186
0004220
0004226
0004260
0004270
0004366
0004458
0004486
0004583
0004657
0004682
0004770
0004771
0004789
0004792
0004803
0004819
0004845
0004860
0004880
0004930
0005059
0005071
0005107
0005127
0005191
0005213
0005248
0005335
0005343
0005351
0005375
0005509
0005524
0005548
0005562
0005566
0005676
0005684
0005709
0005720
